<?xml version="1.0" encoding="UTF-8"?>
<testng-results ignored="0" total="1" passed="1" failed="0" skipped="0">
  <reporter-output>
  </reporter-output>
  <suite started-at="2020-07-03T18:14:22 IST" name="Default suite" finished-at="2020-07-03T18:15:55 IST" duration-ms="92868">
    <groups>
    </groups>
    <test started-at="2020-07-03T18:14:22 IST" name="Default test" finished-at="2020-07-03T18:15:55 IST" duration-ms="92868">
      <class name="com.training.sanity.tests.LoginAndPlaceOrderTest">
        <test-method is-config="true" signature="setUpBeforeClass()[pri:0, instance:com.training.sanity.tests.LoginAndPlaceOrderTest@33afa13b]" started-at="2020-07-03T18:14:22 IST" name="setUpBeforeClass" finished-at="2020-07-03T18:14:22 IST" duration-ms="7" status="PASS">
          <reporter-output>
          </reporter-output>
        </test-method> <!-- setUpBeforeClass -->
        <test-method is-config="true" signature="setUp()[pri:0, instance:com.training.sanity.tests.LoginAndPlaceOrderTest@33afa13b]" started-at="2020-07-03T18:14:22 IST" name="setUp" finished-at="2020-07-03T18:14:38 IST" duration-ms="15785" status="PASS">
          <reporter-output>
          </reporter-output>
        </test-method> <!-- setUp -->
        <test-method signature="loginCheckout()[pri:0, instance:com.training.sanity.tests.LoginAndPlaceOrderTest@33afa13b]" started-at="2020-07-03T18:14:38 IST" name="loginCheckout" finished-at="2020-07-03T18:15:53 IST" duration-ms="75378" status="PASS">
          <reporter-output>
          </reporter-output>
        </test-method> <!-- loginCheckout -->
        <test-method is-config="true" signature="tearDown()[pri:0, instance:com.training.sanity.tests.LoginAndPlaceOrderTest@33afa13b]" started-at="2020-07-03T18:15:53 IST" name="tearDown" finished-at="2020-07-03T18:15:55 IST" duration-ms="1660" status="PASS">
          <reporter-output>
          </reporter-output>
        </test-method> <!-- tearDown -->
      </class> <!-- com.training.sanity.tests.LoginAndPlaceOrderTest -->
    </test> <!-- Default test -->
  </suite> <!-- Default suite -->
</testng-results>
