<?xml version="1.0" encoding="UTF-8"?>
<testng-results ignored="0" total="16" passed="15" failed="1" skipped="0">
  <reporter-output>
  </reporter-output>
  <suite started-at="2020-07-11T18:07:05 IST" name="Suite" finished-at="2020-07-11T18:16:12 IST" duration-ms="546688">
    <groups>
    </groups>
    <test started-at="2020-07-11T18:07:05 IST" name="Test" finished-at="2020-07-11T18:16:12 IST" duration-ms="546688">
      <class name="com.training.sanity.tests.LoginAndPlaceOrderTest">
        <test-method is-config="true" signature="setUpBeforeClass()[pri:0, instance:com.training.sanity.tests.LoginAndPlaceOrderTest@1e802ef9]" started-at="2020-07-11T18:14:55 IST" name="setUpBeforeClass" finished-at="2020-07-11T18:14:55 IST" duration-ms="1" status="PASS">
          <reporter-output>
          </reporter-output>
        </test-method> <!-- setUpBeforeClass -->
        <test-method is-config="true" signature="setUp()[pri:0, instance:com.training.sanity.tests.LoginAndPlaceOrderTest@1e802ef9]" started-at="2020-07-11T18:14:55 IST" name="setUp" finished-at="2020-07-11T18:15:10 IST" duration-ms="15118" status="PASS">
          <reporter-output>
          </reporter-output>
        </test-method> <!-- setUp -->
        <test-method signature="loginCheckout()[pri:0, instance:com.training.sanity.tests.LoginAndPlaceOrderTest@1e802ef9]" started-at="2020-07-11T18:15:10 IST" name="loginCheckout" finished-at="2020-07-11T18:16:10 IST" duration-ms="59761" status="PASS">
          <reporter-output>
          </reporter-output>
        </test-method> <!-- loginCheckout -->
        <test-method is-config="true" signature="tearDown()[pri:0, instance:com.training.sanity.tests.LoginAndPlaceOrderTest@1e802ef9]" started-at="2020-07-11T18:16:10 IST" name="tearDown" finished-at="2020-07-11T18:16:12 IST" duration-ms="1726" status="PASS">
          <reporter-output>
          </reporter-output>
        </test-method> <!-- tearDown -->
      </class> <!-- com.training.sanity.tests.LoginAndPlaceOrderTest -->
      <class name="com.training.sanity.tests.RecoveryPasswordTest">
        <test-method is-config="true" signature="setUpBeforeClass()[pri:0, instance:com.training.sanity.tests.RecoveryPasswordTest@4313f5bc]" started-at="2020-07-11T18:13:32 IST" name="setUpBeforeClass" finished-at="2020-07-11T18:13:32 IST" duration-ms="1" status="PASS">
          <reporter-output>
          </reporter-output>
        </test-method> <!-- setUpBeforeClass -->
        <test-method is-config="true" signature="setUp()[pri:0, instance:com.training.sanity.tests.RecoveryPasswordTest@4313f5bc]" started-at="2020-07-11T18:13:32 IST" name="setUp" finished-at="2020-07-11T18:13:46 IST" duration-ms="14521" status="PASS">
          <reporter-output>
          </reporter-output>
        </test-method> <!-- setUp -->
        <test-method signature="recoverPasswordTest()[pri:0, instance:com.training.sanity.tests.RecoveryPasswordTest@4313f5bc]" started-at="2020-07-11T18:13:46 IST" name="recoverPasswordTest" finished-at="2020-07-11T18:13:58 IST" duration-ms="11371" status="PASS">
          <reporter-output>
          </reporter-output>
        </test-method> <!-- recoverPasswordTest -->
        <test-method is-config="true" signature="tearDown()[pri:0, instance:com.training.sanity.tests.RecoveryPasswordTest@4313f5bc]" started-at="2020-07-11T18:13:58 IST" name="tearDown" finished-at="2020-07-11T18:13:59 IST" duration-ms="1685" status="PASS">
          <reporter-output>
          </reporter-output>
        </test-method> <!-- tearDown -->
      </class> <!-- com.training.sanity.tests.RecoveryPasswordTest -->
      <class name="com.training.sanity.tests.PreLoginCheckoutTest">
        <test-method is-config="true" signature="setUpBeforeClass()[pri:0, instance:com.training.sanity.tests.PreLoginCheckoutTest@7f010382]" started-at="2020-07-11T18:13:59 IST" name="setUpBeforeClass" finished-at="2020-07-11T18:13:59 IST" duration-ms="1" status="PASS">
          <reporter-output>
          </reporter-output>
        </test-method> <!-- setUpBeforeClass -->
        <test-method is-config="true" signature="setUp()[pri:0, instance:com.training.sanity.tests.PreLoginCheckoutTest@7f010382]" started-at="2020-07-11T18:13:59 IST" name="setUp" finished-at="2020-07-11T18:14:14 IST" duration-ms="14872" status="PASS">
          <reporter-output>
          </reporter-output>
        </test-method> <!-- setUp -->
        <test-method signature="preLoginCheckout()[pri:0, instance:com.training.sanity.tests.PreLoginCheckoutTest@7f010382]" started-at="2020-07-11T18:14:14 IST" name="preLoginCheckout" finished-at="2020-07-11T18:14:54 IST" duration-ms="39447" status="PASS">
          <reporter-output>
          </reporter-output>
        </test-method> <!-- preLoginCheckout -->
        <test-method is-config="true" signature="tearDown()[pri:0, instance:com.training.sanity.tests.PreLoginCheckoutTest@7f010382]" started-at="2020-07-11T18:14:54 IST" name="tearDown" finished-at="2020-07-11T18:14:55 IST" duration-ms="1698" status="PASS">
          <reporter-output>
          </reporter-output>
        </test-method> <!-- tearDown -->
      </class> <!-- com.training.sanity.tests.PreLoginCheckoutTest -->
      <class name="com.training.sanity.tests.RegisterDBTest">
        <test-method is-config="true" signature="setUpBeforeClass()[pri:0, instance:com.training.sanity.tests.RegisterDBTest@75329a49]" started-at="2020-07-11T18:11:39 IST" name="setUpBeforeClass" finished-at="2020-07-11T18:11:39 IST" duration-ms="2" status="PASS">
          <reporter-output>
          </reporter-output>
        </test-method> <!-- setUpBeforeClass -->
        <test-method is-config="true" signature="setUp()[pri:0, instance:com.training.sanity.tests.RegisterDBTest@75329a49]" started-at="2020-07-11T18:11:39 IST" name="setUp" finished-at="2020-07-11T18:11:55 IST" duration-ms="15395" status="PASS">
          <reporter-output>
          </reporter-output>
        </test-method> <!-- setUp -->
        <test-method signature="registerDBTest(java.lang.String, java.lang.String, java.lang.String, java.lang.String, java.lang.String, java.lang.String, java.lang.String, java.lang.String, java.lang.String, java.lang.String, java.lang.String, java.lang.String)[pri:0, instance:com.training.sanity.tests.RegisterDBTest@75329a49]" started-at="2020-07-11T18:11:55 IST" name="registerDBTest" data-provider="db-inputs" finished-at="2020-07-11T18:12:10 IST" duration-ms="15495" status="PASS">
          <params>
            <param index="0">
              <value>
                <![CDATA[Sowmya]]>
              </value>
            </param>
            <param index="1">
              <value>
                <![CDATA[M P]]>
              </value>
            </param>
            <param index="2">
              <value>
                <![CDATA[sowmya10002@gmail.com]]>
              </value>
            </param>
            <param index="3">
              <value>
                <![CDATA[9449590100]]>
              </value>
            </param>
            <param index="4">
              <value>
                <![CDATA[123]]>
              </value>
            </param>
            <param index="5">
              <value>
                <![CDATA[19th Main]]>
              </value>
            </param>
            <param index="6">
              <value>
                <![CDATA[Bangalore]]>
              </value>
            </param>
            <param index="7">
              <value>
                <![CDATA[560045]]>
              </value>
            </param>
            <param index="8">
              <value>
                <![CDATA[India]]>
              </value>
            </param>
            <param index="9">
              <value>
                <![CDATA[Karnataka]]>
              </value>
            </param>
            <param index="10">
              <value>
                <![CDATA[Test1234]]>
              </value>
            </param>
            <param index="11">
              <value>
                <![CDATA[Test1234]]>
              </value>
            </param>
          </params>
          <reporter-output>
          </reporter-output>
        </test-method> <!-- registerDBTest -->
        <test-method is-config="true" signature="tearDown()[pri:0, instance:com.training.sanity.tests.RegisterDBTest@75329a49]" started-at="2020-07-11T18:12:10 IST" name="tearDown" finished-at="2020-07-11T18:12:11 IST" duration-ms="675" status="PASS">
          <reporter-output>
          </reporter-output>
        </test-method> <!-- tearDown -->
        <test-method is-config="true" signature="setUp()[pri:0, instance:com.training.sanity.tests.RegisterDBTest@75329a49]" started-at="2020-07-11T18:12:11 IST" name="setUp" finished-at="2020-07-11T18:12:26 IST" duration-ms="14684" status="PASS">
          <reporter-output>
          </reporter-output>
        </test-method> <!-- setUp -->
        <test-method signature="registerDBTest(java.lang.String, java.lang.String, java.lang.String, java.lang.String, java.lang.String, java.lang.String, java.lang.String, java.lang.String, java.lang.String, java.lang.String, java.lang.String, java.lang.String)[pri:0, instance:com.training.sanity.tests.RegisterDBTest@75329a49]" started-at="2020-07-11T18:12:26 IST" name="registerDBTest" data-provider="db-inputs" finished-at="2020-07-11T18:12:40 IST" duration-ms="14790" status="PASS">
          <params>
            <param index="0">
              <value>
                <![CDATA[Bhavana]]>
              </value>
            </param>
            <param index="1">
              <value>
                <![CDATA[S]]>
              </value>
            </param>
            <param index="2">
              <value>
                <![CDATA[bhavana10002@gmail.com]]>
              </value>
            </param>
            <param index="3">
              <value>
                <![CDATA[9986590100]]>
              </value>
            </param>
            <param index="4">
              <value>
                <![CDATA[784]]>
              </value>
            </param>
            <param index="5">
              <value>
                <![CDATA[13th Main]]>
              </value>
            </param>
            <param index="6">
              <value>
                <![CDATA[Subash Nagar]]>
              </value>
            </param>
            <param index="7">
              <value>
                <![CDATA[570001]]>
              </value>
            </param>
            <param index="8">
              <value>
                <![CDATA[India]]>
              </value>
            </param>
            <param index="9">
              <value>
                <![CDATA[Maharashtra]]>
              </value>
            </param>
            <param index="10">
              <value>
                <![CDATA[Test1234]]>
              </value>
            </param>
            <param index="11">
              <value>
                <![CDATA[Test1234]]>
              </value>
            </param>
          </params>
          <reporter-output>
          </reporter-output>
        </test-method> <!-- registerDBTest -->
        <test-method is-config="true" signature="tearDown()[pri:0, instance:com.training.sanity.tests.RegisterDBTest@75329a49]" started-at="2020-07-11T18:12:40 IST" name="tearDown" finished-at="2020-07-11T18:12:41 IST" duration-ms="648" status="PASS">
          <reporter-output>
          </reporter-output>
        </test-method> <!-- tearDown -->
      </class> <!-- com.training.sanity.tests.RegisterDBTest -->
      <class name="com.training.sanity.tests.RegisterTest">
        <test-method is-config="true" signature="setUpBeforeClass()[pri:0, instance:com.training.sanity.tests.RegisterTest@5e316c74]" started-at="2020-07-11T18:07:05 IST" name="setUpBeforeClass" finished-at="2020-07-11T18:07:05 IST" duration-ms="7" status="PASS">
          <reporter-output>
          </reporter-output>
        </test-method> <!-- setUpBeforeClass -->
        <test-method is-config="true" signature="setUp()[pri:0, instance:com.training.sanity.tests.RegisterTest@5e316c74]" started-at="2020-07-11T18:07:05 IST" name="setUp" finished-at="2020-07-11T18:07:21 IST" duration-ms="15345" status="PASS">
          <reporter-output>
          </reporter-output>
        </test-method> <!-- setUp -->
        <test-method signature="validRegisterTest()[pri:0, instance:com.training.sanity.tests.RegisterTest@5e316c74]" started-at="2020-07-11T18:07:21 IST" name="validRegisterTest" finished-at="2020-07-11T18:07:35 IST" duration-ms="14257" status="PASS">
          <reporter-output>
          </reporter-output>
        </test-method> <!-- validRegisterTest -->
        <test-method is-config="true" signature="tearDown()[pri:0, instance:com.training.sanity.tests.RegisterTest@5e316c74]" started-at="2020-07-11T18:07:35 IST" name="tearDown" finished-at="2020-07-11T18:07:37 IST" duration-ms="1683" status="PASS">
          <reporter-output>
          </reporter-output>
        </test-method> <!-- tearDown -->
      </class> <!-- com.training.sanity.tests.RegisterTest -->
      <class name="com.training.sanity.tests.LoginTest">
        <test-method is-config="true" signature="setUpBeforeClass()[pri:0, instance:com.training.sanity.tests.LoginTest@161479c6]" started-at="2020-07-11T18:12:41 IST" name="setUpBeforeClass" finished-at="2020-07-11T18:12:41 IST" duration-ms="1" status="PASS">
          <reporter-output>
          </reporter-output>
        </test-method> <!-- setUpBeforeClass -->
        <test-method is-config="true" signature="setUp()[pri:0, instance:com.training.sanity.tests.LoginTest@161479c6]" started-at="2020-07-11T18:12:41 IST" name="setUp" finished-at="2020-07-11T18:12:57 IST" duration-ms="15556" status="PASS">
          <reporter-output>
          </reporter-output>
        </test-method> <!-- setUp -->
        <test-method signature="validLoginTest()[pri:1, instance:com.training.sanity.tests.LoginTest@161479c6]" started-at="2020-07-11T18:12:57 IST" name="validLoginTest" finished-at="2020-07-11T18:13:05 IST" duration-ms="8615" status="PASS">
          <reporter-output>
          </reporter-output>
        </test-method> <!-- validLoginTest -->
        <test-method is-config="true" signature="tearDown()[pri:0, instance:com.training.sanity.tests.LoginTest@161479c6]" started-at="2020-07-11T18:13:05 IST" name="tearDown" finished-at="2020-07-11T18:13:07 IST" duration-ms="1699" status="PASS">
          <reporter-output>
          </reporter-output>
        </test-method> <!-- tearDown -->
        <test-method is-config="true" signature="setUp()[pri:0, instance:com.training.sanity.tests.LoginTest@161479c6]" started-at="2020-07-11T18:13:07 IST" name="setUp" finished-at="2020-07-11T18:13:22 IST" duration-ms="14756" status="PASS">
          <reporter-output>
          </reporter-output>
        </test-method> <!-- setUp -->
        <test-method signature="invalidLoginTest()[pri:2, instance:com.training.sanity.tests.LoginTest@161479c6]" started-at="2020-07-11T18:13:22 IST" name="invalidLoginTest" finished-at="2020-07-11T18:13:30 IST" duration-ms="8437" status="PASS">
          <reporter-output>
          </reporter-output>
        </test-method> <!-- invalidLoginTest -->
        <test-method is-config="true" signature="tearDown()[pri:0, instance:com.training.sanity.tests.LoginTest@161479c6]" started-at="2020-07-11T18:13:30 IST" name="tearDown" finished-at="2020-07-11T18:13:32 IST" duration-ms="1658" status="PASS">
          <reporter-output>
          </reporter-output>
        </test-method> <!-- tearDown -->
      </class> <!-- com.training.sanity.tests.LoginTest -->
      <class name="com.training.sanity.tests.RegisterExcelTest">
        <test-method is-config="true" signature="setUpBeforeClass()[pri:0, instance:com.training.sanity.tests.RegisterExcelTest@6d2a209c]" started-at="2020-07-11T18:07:37 IST" name="setUpBeforeClass" finished-at="2020-07-11T18:07:37 IST" duration-ms="1" status="PASS">
          <reporter-output>
          </reporter-output>
        </test-method> <!-- setUpBeforeClass -->
        <test-method is-config="true" signature="setUp()[pri:0, instance:com.training.sanity.tests.RegisterExcelTest@6d2a209c]" started-at="2020-07-11T18:07:37 IST" name="setUp" finished-at="2020-07-11T18:07:51 IST" duration-ms="14141" status="PASS">
          <reporter-output>
          </reporter-output>
        </test-method> <!-- setUp -->
        <test-method signature="registerDataExcelTest(java.lang.String, java.lang.String, java.lang.String, java.lang.String, java.lang.String, java.lang.String, java.lang.String, java.lang.String, java.lang.String, java.lang.String, java.lang.String, java.lang.String)[pri:1, instance:com.training.sanity.tests.RegisterExcelTest@6d2a209c]" started-at="2020-07-11T18:07:51 IST" name="registerDataExcelTest" data-provider="excel-inputs1" finished-at="2020-07-11T18:08:07 IST" duration-ms="15292" status="PASS">
          <params>
            <param index="0">
              <value>
                <![CDATA[sunil]]>
              </value>
            </param>
            <param index="1">
              <value>
                <![CDATA[nagaraj]]>
              </value>
            </param>
            <param index="2">
              <value>
                <![CDATA[sunilnagmps10002@gmail.com]]>
              </value>
            </param>
            <param index="3">
              <value>
                <![CDATA[9876543210]]>
              </value>
            </param>
            <param index="4">
              <value>
                <![CDATA[yeshwanthapur]]>
              </value>
            </param>
            <param index="5">
              <value>
                <![CDATA[bangalore]]>
              </value>
            </param>
            <param index="6">
              <value>
                <![CDATA[bangalore]]>
              </value>
            </param>
            <param index="7">
              <value>
                <![CDATA[560022]]>
              </value>
            </param>
            <param index="8">
              <value>
                <![CDATA[India]]>
              </value>
            </param>
            <param index="9">
              <value>
                <![CDATA[Karnataka]]>
              </value>
            </param>
            <param index="10">
              <value>
                <![CDATA[manipal]]>
              </value>
            </param>
            <param index="11">
              <value>
                <![CDATA[manipal]]>
              </value>
            </param>
          </params>
          <reporter-output>
          </reporter-output>
        </test-method> <!-- registerDataExcelTest -->
        <test-method is-config="true" signature="tearDown()[pri:0, instance:com.training.sanity.tests.RegisterExcelTest@6d2a209c]" started-at="2020-07-11T18:08:07 IST" name="tearDown" finished-at="2020-07-11T18:08:07 IST" duration-ms="682" status="PASS">
          <reporter-output>
          </reporter-output>
        </test-method> <!-- tearDown -->
        <test-method is-config="true" signature="setUp()[pri:0, instance:com.training.sanity.tests.RegisterExcelTest@6d2a209c]" started-at="2020-07-11T18:08:07 IST" name="setUp" finished-at="2020-07-11T18:08:22 IST" duration-ms="14906" status="PASS">
          <reporter-output>
          </reporter-output>
        </test-method> <!-- setUp -->
        <test-method signature="registerDataExcelTest(java.lang.String, java.lang.String, java.lang.String, java.lang.String, java.lang.String, java.lang.String, java.lang.String, java.lang.String, java.lang.String, java.lang.String, java.lang.String, java.lang.String)[pri:1, instance:com.training.sanity.tests.RegisterExcelTest@6d2a209c]" started-at="2020-07-11T18:08:22 IST" name="registerDataExcelTest" data-provider="excel-inputs1" finished-at="2020-07-11T18:08:37 IST" duration-ms="14323" status="PASS">
          <params>
            <param index="0">
              <value>
                <![CDATA[manzoor]]>
              </value>
            </param>
            <param index="1">
              <value>
                <![CDATA[mehadi]]>
              </value>
            </param>
            <param index="2">
              <value>
                <![CDATA[mehadimps10002@gmail.com]]>
              </value>
            </param>
            <param index="3">
              <value>
                <![CDATA[8906543210]]>
              </value>
            </param>
            <param index="4">
              <value>
                <![CDATA[electronic city]]>
              </value>
            </param>
            <param index="5">
              <value>
                <![CDATA[bangalore]]>
              </value>
            </param>
            <param index="6">
              <value>
                <![CDATA[bangalore]]>
              </value>
            </param>
            <param index="7">
              <value>
                <![CDATA[560100]]>
              </value>
            </param>
            <param index="8">
              <value>
                <![CDATA[India]]>
              </value>
            </param>
            <param index="9">
              <value>
                <![CDATA[Karnataka]]>
              </value>
            </param>
            <param index="10">
              <value>
                <![CDATA[manzoor]]>
              </value>
            </param>
            <param index="11">
              <value>
                <![CDATA[manzoor]]>
              </value>
            </param>
          </params>
          <reporter-output>
          </reporter-output>
        </test-method> <!-- registerDataExcelTest -->
        <test-method is-config="true" signature="tearDown()[pri:0, instance:com.training.sanity.tests.RegisterExcelTest@6d2a209c]" started-at="2020-07-11T18:08:37 IST" name="tearDown" finished-at="2020-07-11T18:08:37 IST" duration-ms="675" status="PASS">
          <reporter-output>
          </reporter-output>
        </test-method> <!-- tearDown -->
        <test-method is-config="true" signature="setUp()[pri:0, instance:com.training.sanity.tests.RegisterExcelTest@6d2a209c]" started-at="2020-07-11T18:08:37 IST" name="setUp" finished-at="2020-07-11T18:08:53 IST" duration-ms="15538" status="PASS">
          <reporter-output>
          </reporter-output>
        </test-method> <!-- setUp -->
        <test-method signature="registerDataExcelTest(java.lang.String, java.lang.String, java.lang.String, java.lang.String, java.lang.String, java.lang.String, java.lang.String, java.lang.String, java.lang.String, java.lang.String, java.lang.String, java.lang.String)[pri:1, instance:com.training.sanity.tests.RegisterExcelTest@6d2a209c]" started-at="2020-07-11T18:08:53 IST" name="registerDataExcelTest" data-provider="excel-inputs1" finished-at="2020-07-11T18:09:07 IST" duration-ms="14338" status="PASS">
          <params>
            <param index="0">
              <value>
                <![CDATA[puli]]>
              </value>
            </param>
            <param index="1">
              <value>
                <![CDATA[keshi]]>
              </value>
            </param>
            <param index="2">
              <value>
                <![CDATA[pulimps10002@gmail.com]]>
              </value>
            </param>
            <param index="3">
              <value>
                <![CDATA[6789043217]]>
              </value>
            </param>
            <param index="4">
              <value>
                <![CDATA[chennai]]>
              </value>
            </param>
            <param index="5">
              <value>
                <![CDATA[chennai]]>
              </value>
            </param>
            <param index="6">
              <value>
                <![CDATA[chennai]]>
              </value>
            </param>
            <param index="7">
              <value>
                <![CDATA[561321]]>
              </value>
            </param>
            <param index="8">
              <value>
                <![CDATA[India]]>
              </value>
            </param>
            <param index="9">
              <value>
                <![CDATA[Tamil Nadu]]>
              </value>
            </param>
            <param index="10">
              <value>
                <![CDATA[pulikeshi]]>
              </value>
            </param>
            <param index="11">
              <value>
                <![CDATA[pulikeshi]]>
              </value>
            </param>
          </params>
          <reporter-output>
          </reporter-output>
        </test-method> <!-- registerDataExcelTest -->
        <test-method is-config="true" signature="tearDown()[pri:0, instance:com.training.sanity.tests.RegisterExcelTest@6d2a209c]" started-at="2020-07-11T18:09:07 IST" name="tearDown" finished-at="2020-07-11T18:09:08 IST" duration-ms="686" status="PASS">
          <reporter-output>
          </reporter-output>
        </test-method> <!-- tearDown -->
        <test-method is-config="true" signature="setUp()[pri:0, instance:com.training.sanity.tests.RegisterExcelTest@6d2a209c]" started-at="2020-07-11T18:09:08 IST" name="setUp" finished-at="2020-07-11T18:09:23 IST" duration-ms="14680" status="PASS">
          <reporter-output>
          </reporter-output>
        </test-method> <!-- setUp -->
        <test-method signature="registerDataExcelTest(java.lang.String, java.lang.String, java.lang.String, java.lang.String, java.lang.String, java.lang.String, java.lang.String, java.lang.String, java.lang.String, java.lang.String, java.lang.String, java.lang.String)[pri:1, instance:com.training.sanity.tests.RegisterExcelTest@6d2a209c]" started-at="2020-07-11T18:09:23 IST" name="registerDataExcelTest" data-provider="excel-inputs1" finished-at="2020-07-11T18:09:38 IST" duration-ms="14973" status="PASS">
          <params>
            <param index="0">
              <value>
                <![CDATA[priya]]>
              </value>
            </param>
            <param index="1">
              <value>
                <![CDATA[prabhu]]>
              </value>
            </param>
            <param index="2">
              <value>
                <![CDATA[priyarajmps10002@gmail.com]]>
              </value>
            </param>
            <param index="3">
              <value>
                <![CDATA[8906754321]]>
              </value>
            </param>
            <param index="4">
              <value>
                <![CDATA[hyderabad]]>
              </value>
            </param>
            <param index="5">
              <value>
                <![CDATA[hyderabad]]>
              </value>
            </param>
            <param index="6">
              <value>
                <![CDATA[hyderabad]]>
              </value>
            </param>
            <param index="7">
              <value>
                <![CDATA[620102]]>
              </value>
            </param>
            <param index="8">
              <value>
                <![CDATA[India]]>
              </value>
            </param>
            <param index="9">
              <value>
                <![CDATA[Telangana]]>
              </value>
            </param>
            <param index="10">
              <value>
                <![CDATA[priya]]>
              </value>
            </param>
            <param index="11">
              <value>
                <![CDATA[priya]]>
              </value>
            </param>
          </params>
          <reporter-output>
          </reporter-output>
        </test-method> <!-- registerDataExcelTest -->
        <test-method is-config="true" signature="tearDown()[pri:0, instance:com.training.sanity.tests.RegisterExcelTest@6d2a209c]" started-at="2020-07-11T18:09:38 IST" name="tearDown" finished-at="2020-07-11T18:09:38 IST" duration-ms="672" status="PASS">
          <reporter-output>
          </reporter-output>
        </test-method> <!-- tearDown -->
        <test-method is-config="true" signature="setUp()[pri:0, instance:com.training.sanity.tests.RegisterExcelTest@6d2a209c]" started-at="2020-07-11T18:09:38 IST" name="setUp" finished-at="2020-07-11T18:09:53 IST" duration-ms="14845" status="PASS">
          <reporter-output>
          </reporter-output>
        </test-method> <!-- setUp -->
        <test-method signature="registerDataExcelTest1(java.lang.String, java.lang.String, java.lang.String, java.lang.String, java.lang.String, java.lang.String, java.lang.String, java.lang.String, java.lang.String, java.lang.String, java.lang.String, java.lang.String)[pri:2, instance:com.training.sanity.tests.RegisterExcelTest@6d2a209c]" started-at="2020-07-11T18:09:53 IST" name="registerDataExcelTest1" data-provider="excel-inputs2" finished-at="2020-07-11T18:10:10 IST" duration-ms="16565" status="PASS">
          <params>
            <param index="0">
              <value>
                <![CDATA[manipal]]>
              </value>
            </param>
            <param index="1">
              <value>
                <![CDATA[1233423]]>
              </value>
            </param>
            <param index="2">
              <value>
                <![CDATA[manipalomps10002@gmail.com]]>
              </value>
            </param>
            <param index="3">
              <value>
                <![CDATA[9876543210]]>
              </value>
            </param>
            <param index="4">
              <value>
                <![CDATA[yeshwanthapur]]>
              </value>
            </param>
            <param index="5">
              <value>
                <![CDATA[bangalore]]>
              </value>
            </param>
            <param index="6">
              <value>
                <![CDATA[bangalore]]>
              </value>
            </param>
            <param index="7">
              <value>
                <![CDATA[560022]]>
              </value>
            </param>
            <param index="8">
              <value>
                <![CDATA[India]]>
              </value>
            </param>
            <param index="9">
              <value>
                <![CDATA[Karnataka]]>
              </value>
            </param>
            <param index="10">
              <value>
                <![CDATA[manipal]]>
              </value>
            </param>
            <param index="11">
              <value>
                <![CDATA[manipal]]>
              </value>
            </param>
          </params>
          <reporter-output>
          </reporter-output>
        </test-method> <!-- registerDataExcelTest1 -->
        <test-method is-config="true" signature="tearDown()[pri:0, instance:com.training.sanity.tests.RegisterExcelTest@6d2a209c]" started-at="2020-07-11T18:10:10 IST" name="tearDown" finished-at="2020-07-11T18:10:10 IST" duration-ms="676" status="PASS">
          <reporter-output>
          </reporter-output>
        </test-method> <!-- tearDown -->
        <test-method is-config="true" signature="setUp()[pri:0, instance:com.training.sanity.tests.RegisterExcelTest@6d2a209c]" started-at="2020-07-11T18:10:10 IST" name="setUp" finished-at="2020-07-11T18:10:25 IST" duration-ms="14893" status="PASS">
          <reporter-output>
          </reporter-output>
        </test-method> <!-- setUp -->
        <test-method signature="registerDataExcelTest1(java.lang.String, java.lang.String, java.lang.String, java.lang.String, java.lang.String, java.lang.String, java.lang.String, java.lang.String, java.lang.String, java.lang.String, java.lang.String, java.lang.String)[pri:2, instance:com.training.sanity.tests.RegisterExcelTest@6d2a209c]" started-at="2020-07-11T18:10:25 IST" name="registerDataExcelTest1" data-provider="excel-inputs2" finished-at="2020-07-11T18:10:36 IST" duration-ms="10738" status="FAIL">
          <params>
            <param index="0">
              <value>
                <![CDATA[manzoor]]>
              </value>
            </param>
            <param index="1">
              <value>
                <![CDATA[mehadi]]>
              </value>
            </param>
            <param index="2">
              <value>
                <![CDATA[manzoor]]>
              </value>
            </param>
            <param index="3">
              <value>
                <![CDATA[8906543210]]>
              </value>
            </param>
            <param index="4">
              <value>
                <![CDATA[electronic city]]>
              </value>
            </param>
            <param index="5">
              <value>
                <![CDATA[bangalore]]>
              </value>
            </param>
            <param index="6">
              <value>
                <![CDATA[bangalore]]>
              </value>
            </param>
            <param index="7">
              <value>
                <![CDATA[560100]]>
              </value>
            </param>
            <param index="8">
              <value>
                <![CDATA[India]]>
              </value>
            </param>
            <param index="9">
              <value>
                <![CDATA[Karnataka]]>
              </value>
            </param>
            <param index="10">
              <value>
                <![CDATA[manzoor]]>
              </value>
            </param>
            <param index="11">
              <value>
                <![CDATA[manzoor]]>
              </value>
            </param>
          </params>
          <exception class="java.lang.AssertionError">
            <message>
              <![CDATA[expected [Register Account] but found [Your Account Has Been Created!]]]>
            </message>
            <full-stacktrace>
              <![CDATA[java.lang.AssertionError: expected [Register Account] but found [Your Account Has Been Created!]
at org.testng.Assert.fail(Assert.java:97)
at org.testng.Assert.assertEqualsImpl(Assert.java:136)
at org.testng.Assert.assertEquals(Assert.java:118)
at org.testng.Assert.assertEquals(Assert.java:575)
at org.testng.Assert.assertEquals(Assert.java:585)
at com.training.sanity.tests.RegisterExcelTest.registerDataExcelTest1(RegisterExcelTest.java:148)
at java.base/jdk.internal.reflect.NativeMethodAccessorImpl.invoke0(Native Method)
at java.base/jdk.internal.reflect.NativeMethodAccessorImpl.invoke(NativeMethodAccessorImpl.java:62)
at java.base/jdk.internal.reflect.DelegatingMethodAccessorImpl.invoke(DelegatingMethodAccessorImpl.java:43)
at java.base/java.lang.reflect.Method.invoke(Method.java:564)
at org.testng.internal.MethodInvocationHelper.invokeMethod(MethodInvocationHelper.java:135)
at org.testng.internal.TestInvoker.invokeMethod(TestInvoker.java:598)
at org.testng.internal.TestInvoker.invokeTestMethod(TestInvoker.java:174)
at org.testng.internal.MethodRunner.runInSequence(MethodRunner.java:46)
at org.testng.internal.TestInvoker$MethodInvocationAgent.invoke(TestInvoker.java:821)
at org.testng.internal.TestInvoker.invokeTestMethods(TestInvoker.java:147)
at org.testng.internal.TestMethodWorker.invokeTestMethods(TestMethodWorker.java:146)
at org.testng.internal.TestMethodWorker.run(TestMethodWorker.java:128)
at java.base/java.util.ArrayList.forEach(ArrayList.java:1510)
at org.testng.TestRunner.privateRun(TestRunner.java:767)
at org.testng.TestRunner.run(TestRunner.java:588)
at org.testng.SuiteRunner.runTest(SuiteRunner.java:384)
at org.testng.SuiteRunner.runSequentially(SuiteRunner.java:378)
at org.testng.SuiteRunner.privateRun(SuiteRunner.java:337)
at org.testng.SuiteRunner.run(SuiteRunner.java:286)
at org.testng.SuiteRunnerWorker.runSuite(SuiteRunnerWorker.java:53)
at org.testng.SuiteRunnerWorker.run(SuiteRunnerWorker.java:96)
at org.testng.TestNG.runSuitesSequentially(TestNG.java:1214)
at org.testng.TestNG.runSuitesLocally(TestNG.java:1136)
at org.testng.TestNG.runSuites(TestNG.java:1066)
at org.testng.TestNG.run(TestNG.java:1034)
at org.testng.remote.AbstractRemoteTestNG.run(AbstractRemoteTestNG.java:115)
at org.testng.remote.RemoteTestNG.initAndRun(RemoteTestNG.java:251)
at org.testng.remote.RemoteTestNG.main(RemoteTestNG.java:77)
]]>
            </full-stacktrace>
          </exception> <!-- java.lang.AssertionError -->
          <reporter-output>
          </reporter-output>
        </test-method> <!-- registerDataExcelTest1 -->
        <test-method is-config="true" signature="tearDown()[pri:0, instance:com.training.sanity.tests.RegisterExcelTest@6d2a209c]" started-at="2020-07-11T18:10:36 IST" name="tearDown" finished-at="2020-07-11T18:10:37 IST" duration-ms="778" status="PASS">
          <reporter-output>
          </reporter-output>
        </test-method> <!-- tearDown -->
        <test-method is-config="true" signature="setUp()[pri:0, instance:com.training.sanity.tests.RegisterExcelTest@6d2a209c]" started-at="2020-07-11T18:10:37 IST" name="setUp" finished-at="2020-07-11T18:10:53 IST" duration-ms="16659" status="PASS">
          <reporter-output>
          </reporter-output>
        </test-method> <!-- setUp -->
        <test-method signature="registerDataExcelTest1(java.lang.String, java.lang.String, java.lang.String, java.lang.String, java.lang.String, java.lang.String, java.lang.String, java.lang.String, java.lang.String, java.lang.String, java.lang.String, java.lang.String)[pri:2, instance:com.training.sanity.tests.RegisterExcelTest@6d2a209c]" started-at="2020-07-11T18:10:53 IST" name="registerDataExcelTest1" data-provider="excel-inputs2" finished-at="2020-07-11T18:11:07 IST" duration-ms="14008" status="PASS">
          <params>
            <param index="0">
              <value>
                <![CDATA[puli]]>
              </value>
            </param>
            <param index="1">
              <value>
                <![CDATA[keshi]]>
              </value>
            </param>
            <param index="2">
              <value>
                <![CDATA[puliomps10002@gmail.com]]>
              </value>
            </param>
            <param index="3">
              <value>
                <![CDATA[sfgdfgdf]]>
              </value>
            </param>
            <param index="4">
              <value>
                <![CDATA[chennai]]>
              </value>
            </param>
            <param index="5">
              <value>
                <![CDATA[chennai]]>
              </value>
            </param>
            <param index="6">
              <value>
                <![CDATA[chennai]]>
              </value>
            </param>
            <param index="7">
              <value>
                <![CDATA[561321]]>
              </value>
            </param>
            <param index="8">
              <value>
                <![CDATA[India]]>
              </value>
            </param>
            <param index="9">
              <value>
                <![CDATA[Tamil Nadu]]>
              </value>
            </param>
            <param index="10">
              <value>
                <![CDATA[pulikeshi]]>
              </value>
            </param>
            <param index="11">
              <value>
                <![CDATA[pulikeshi]]>
              </value>
            </param>
          </params>
          <reporter-output>
          </reporter-output>
        </test-method> <!-- registerDataExcelTest1 -->
        <test-method is-config="true" signature="tearDown()[pri:0, instance:com.training.sanity.tests.RegisterExcelTest@6d2a209c]" started-at="2020-07-11T18:11:07 IST" name="tearDown" finished-at="2020-07-11T18:11:08 IST" duration-ms="694" status="PASS">
          <reporter-output>
          </reporter-output>
        </test-method> <!-- tearDown -->
        <test-method is-config="true" signature="setUp()[pri:0, instance:com.training.sanity.tests.RegisterExcelTest@6d2a209c]" started-at="2020-07-11T18:11:08 IST" name="setUp" finished-at="2020-07-11T18:11:23 IST" duration-ms="14834" status="PASS">
          <reporter-output>
          </reporter-output>
        </test-method> <!-- setUp -->
        <test-method signature="registerDataExcelTest1(java.lang.String, java.lang.String, java.lang.String, java.lang.String, java.lang.String, java.lang.String, java.lang.String, java.lang.String, java.lang.String, java.lang.String, java.lang.String, java.lang.String)[pri:2, instance:com.training.sanity.tests.RegisterExcelTest@6d2a209c]" started-at="2020-07-11T18:11:23 IST" name="registerDataExcelTest1" data-provider="excel-inputs2" finished-at="2020-07-11T18:11:38 IST" duration-ms="15306" status="PASS">
          <params>
            <param index="0">
              <value>
                <![CDATA[priya]]>
              </value>
            </param>
            <param index="1">
              <value>
                <![CDATA[prabhu]]>
              </value>
            </param>
            <param index="2">
              <value>
                <![CDATA[priyaomps10002@gmail.com]]>
              </value>
            </param>
            <param index="3">
              <value>
                <![CDATA[8906754321]]>
              </value>
            </param>
            <param index="4">
              <value>
                <![CDATA[hyderabad]]>
              </value>
            </param>
            <param index="5">
              <value>
                <![CDATA[hyderabad]]>
              </value>
            </param>
            <param index="6">
              <value>
                <![CDATA[hyderabad]]>
              </value>
            </param>
            <param index="7">
              <value>
                <![CDATA[9876547]]>
              </value>
            </param>
            <param index="8">
              <value>
                <![CDATA[India]]>
              </value>
            </param>
            <param index="9">
              <value>
                <![CDATA[Telangana]]>
              </value>
            </param>
            <param index="10">
              <value>
                <![CDATA[priya]]>
              </value>
            </param>
            <param index="11">
              <value>
                <![CDATA[priya]]>
              </value>
            </param>
          </params>
          <reporter-output>
          </reporter-output>
        </test-method> <!-- registerDataExcelTest1 -->
        <test-method is-config="true" signature="tearDown()[pri:0, instance:com.training.sanity.tests.RegisterExcelTest@6d2a209c]" started-at="2020-07-11T18:11:38 IST" name="tearDown" finished-at="2020-07-11T18:11:39 IST" duration-ms="692" status="PASS">
          <reporter-output>
          </reporter-output>
        </test-method> <!-- tearDown -->
      </class> <!-- com.training.sanity.tests.RegisterExcelTest -->
    </test> <!-- Test -->
  </suite> <!-- Suite -->
</testng-results>
